C:\USERS\BETEL\DESKTOP\TEDY\VS2012\TEMA3\DEBUG\MAIN.OBJ
C:\USERS\BETEL\DESKTOP\TEDY\VS2012\TEMA3\DEBUG\VC110.PDB
C:\USERS\BETEL\DESKTOP\TEDY\VS2012\TEMA3\DEBUG\LAB_GL_3.ILK
C:\USERS\BETEL\DESKTOP\TEDY\VS2012\TEMA3\DEBUG\LAB_GL_3.EXE
C:\USERS\BETEL\DESKTOP\TEDY\VS2012\TEMA3\DEBUG\LAB_GL_3.PDB
C:\Users\Betel\Desktop\Tedy\vs2012\tema3\Debug\main.obj
C:\Users\Betel\Desktop\Tedy\vs2012\tema3\Debug\lab_gl_3.ilk
C:\Users\Betel\Desktop\Tedy\vs2012\tema3\Debug\cl.command.1.tlog
C:\Users\Betel\Desktop\Tedy\vs2012\tema3\Debug\CL.read.1.tlog
C:\Users\Betel\Desktop\Tedy\vs2012\tema3\Debug\CL.write.1.tlog
C:\Users\Betel\Desktop\Tedy\vs2012\tema3\Debug\link-cvtres.read.1.tlog
C:\Users\Betel\Desktop\Tedy\vs2012\tema3\Debug\link-cvtres.write.1.tlog
C:\Users\Betel\Desktop\Tedy\vs2012\tema3\Debug\link-rc.read.1.tlog
C:\Users\Betel\Desktop\Tedy\vs2012\tema3\Debug\link-rc.write.1.tlog
C:\Users\Betel\Desktop\Tedy\vs2012\tema3\Debug\link.1400-cvtres.read.1.tlog
C:\Users\Betel\Desktop\Tedy\vs2012\tema3\Debug\link.1400-cvtres.write.1.tlog
C:\Users\Betel\Desktop\Tedy\vs2012\tema3\Debug\link.1400-rc.read.1.tlog
C:\Users\Betel\Desktop\Tedy\vs2012\tema3\Debug\link.1400-rc.write.1.tlog
C:\Users\Betel\Desktop\Tedy\vs2012\tema3\Debug\link.1400.read.1.tlog
C:\Users\Betel\Desktop\Tedy\vs2012\tema3\Debug\link.1400.write.1.tlog
C:\Users\Betel\Desktop\Tedy\vs2012\tema3\Debug\link.2788-cvtres.read.1.tlog
C:\Users\Betel\Desktop\Tedy\vs2012\tema3\Debug\link.2788-cvtres.write.1.tlog
C:\Users\Betel\Desktop\Tedy\vs2012\tema3\Debug\link.2788-rc.read.1.tlog
C:\Users\Betel\Desktop\Tedy\vs2012\tema3\Debug\link.2788-rc.write.1.tlog
C:\Users\Betel\Desktop\Tedy\vs2012\tema3\Debug\link.2788.read.1.tlog
C:\Users\Betel\Desktop\Tedy\vs2012\tema3\Debug\link.2788.write.1.tlog
C:\Users\Betel\Desktop\Tedy\vs2012\tema3\Debug\link.3912-cvtres.read.1.tlog
C:\Users\Betel\Desktop\Tedy\vs2012\tema3\Debug\link.3912-cvtres.write.1.tlog
C:\Users\Betel\Desktop\Tedy\vs2012\tema3\Debug\link.3912-rc.read.1.tlog
C:\Users\Betel\Desktop\Tedy\vs2012\tema3\Debug\link.3912-rc.write.1.tlog
C:\Users\Betel\Desktop\Tedy\vs2012\tema3\Debug\link.3912.read.1.tlog
C:\Users\Betel\Desktop\Tedy\vs2012\tema3\Debug\link.3912.write.1.tlog
C:\Users\Betel\Desktop\Tedy\vs2012\tema3\Debug\link.command.1.tlog
C:\Users\Betel\Desktop\Tedy\vs2012\tema3\Debug\link.read.1.tlog
C:\Users\Betel\Desktop\Tedy\vs2012\tema3\Debug\link.write.1.tlog
C:\Users\Betel\Desktop\Tedy\vs2012\tema3\Debug\vc110.idb
C:\Users\Betel\Desktop\Tedy\vs2012\tema3\Debug\lab_gl_3.pdb
C:\Users\Betel\Desktop\Tedy\vs2012\tema3\Debug\vc110.pdb
C:\Users\Betel\Desktop\Tedy\vs2012\tema3\Debug\lab_gl_3.exe
