Build started 12.12.2013 01:02:11.
     1>Project "C:\Users\Betel\Desktop\Tedy\vs2012\tema3\lab_gl_3.vcxproj" on node 2 (Build target(s)).
     1>PreBuildEvent:
         copy C:\Users\Betel\Desktop\Tedy\vs2012\tema3\dependente\freeglut\freeglut.dll C:\Users\Betel\Desktop\Tedy\vs2012\tema3\Debug
         copy C:\Users\Betel\Desktop\Tedy\vs2012\tema3\dependente\glew\glew32.dll C:\Users\Betel\Desktop\Tedy\vs2012\tema3\Debug
         
         :VCEnd
                 1 file(s) copied.
                 1 file(s) copied.
       ClCompile:
         C:\Program Files (x86)\Microsoft Visual Studio 11.0\VC\bin\CL.exe /c /ZI /nologo /W3 /WX- /Od /Oy- /D _MBCS /Gm /EHsc /RTC1 /MDd /GS /fp:precise /Zc:wchar_t /Zc:forScope /Fo"Debug\\" /Fd"Debug\vc110.pdb" /Gd /TP /analyze- /errorReport:prompt main.cpp
         main.cpp
     1>c:\users\betel\desktop\tedy\vs2012\tema3\track.hpp(26): warning C4244: '=' : conversion from 'double' to 'float', possible loss of data
     1>c:\users\betel\desktop\tedy\vs2012\tema3\track.hpp(44): warning C4305: '+=' : truncation from 'double' to 'float'
     1>c:\users\betel\desktop\tedy\vs2012\tema3\track.hpp(120): warning C4305: '-=' : truncation from 'double' to 'float'
     1>c:\users\betel\desktop\tedy\vs2012\tema3\player.hpp(56): warning C4244: 'initializing' : conversion from 'double' to 'float', possible loss of data
     1>c:\users\betel\desktop\tedy\vs2012\tema3\player.hpp(57): warning C4244: 'initializing' : conversion from 'double' to 'float', possible loss of data
     1>c:\users\betel\desktop\tedy\vs2012\tema3\player.hpp(70): warning C4244: '=' : conversion from 'double' to 'float', possible loss of data
     1>c:\users\betel\desktop\tedy\vs2012\tema3\player.hpp(87): warning C4244: '=' : conversion from 'double' to 'float', possible loss of data
     1>c:\users\betel\desktop\tedy\vs2012\tema3\player.hpp(92): warning C4244: '=' : conversion from 'double' to 'float', possible loss of data
     1>c:\users\betel\desktop\tedy\vs2012\tema3\player.hpp(98): warning C4244: '=' : conversion from 'double' to 'float', possible loss of data
     1>c:\users\betel\desktop\tedy\vs2012\tema3\player.hpp(100): warning C4244: '=' : conversion from 'double' to 'float', possible loss of data
     1>c:\users\betel\desktop\tedy\vs2012\tema3\player.hpp(58): warning C4101: 'z1' : unreferenced local variable
     1>c:\users\betel\desktop\tedy\vs2012\tema3\player.hpp(158): warning C4244: '=' : conversion from 'const double' to 'float', possible loss of data
     1>c:\users\betel\desktop\tedy\vs2012\tema3\player.hpp(188): warning C4244: '=' : conversion from 'const double' to 'float', possible loss of data
     1>c:\users\betel\desktop\tedy\vs2012\tema3\player.hpp(228): warning C4244: '=' : conversion from 'double' to 'float', possible loss of data
     1>c:\users\betel\desktop\tedy\vs2012\tema3\player.hpp(233): warning C4244: '=' : conversion from 'double' to 'float', possible loss of data
     1>c:\users\betel\desktop\tedy\vs2012\tema3\player.hpp(239): warning C4244: '=' : conversion from 'double' to 'float', possible loss of data
     1>c:\users\betel\desktop\tedy\vs2012\tema3\player.hpp(241): warning C4244: '=' : conversion from 'double' to 'float', possible loss of data
     1>c:\users\betel\desktop\tedy\vs2012\tema3\tps.hpp(35): warning C4305: '+=' : truncation from 'double' to 'float'
     1>c:\users\betel\desktop\tedy\vs2012\tema3\main.cpp(83): warning C4996: 'fopen': This function or variable may be unsafe. Consider using fopen_s instead. To disable deprecation, use _CRT_SECURE_NO_WARNINGS. See online help for details.
                 c:\program files (x86)\microsoft visual studio 11.0\vc\include\stdio.h(218) : see declaration of 'fopen'
     1>c:\users\betel\desktop\tedy\vs2012\tema3\main.cpp(84): warning C4996: 'fscanf': This function or variable may be unsafe. Consider using fscanf_s instead. To disable deprecation, use _CRT_SECURE_NO_WARNINGS. See online help for details.
                 c:\program files (x86)\microsoft visual studio 11.0\vc\include\stdio.h(237) : see declaration of 'fscanf'
     1>c:\users\betel\desktop\tedy\vs2012\tema3\main.cpp(85): warning C4996: 'fscanf': This function or variable may be unsafe. Consider using fscanf_s instead. To disable deprecation, use _CRT_SECURE_NO_WARNINGS. See online help for details.
                 c:\program files (x86)\microsoft visual studio 11.0\vc\include\stdio.h(237) : see declaration of 'fscanf'
     1>c:\users\betel\desktop\tedy\vs2012\tema3\main.cpp(86): warning C4996: 'fscanf': This function or variable may be unsafe. Consider using fscanf_s instead. To disable deprecation, use _CRT_SECURE_NO_WARNINGS. See online help for details.
                 c:\program files (x86)\microsoft visual studio 11.0\vc\include\stdio.h(237) : see declaration of 'fscanf'
     1>c:\users\betel\desktop\tedy\vs2012\tema3\main.cpp(167): warning C4305: 'argument' : truncation from 'double' to 'float'
     1>c:\users\betel\desktop\tedy\vs2012\tema3\main.cpp(191): warning C4244: 'argument' : conversion from 'double' to 'float', possible loss of data
     1>c:\users\betel\desktop\tedy\vs2012\tema3\main.cpp(200): warning C4244: 'argument' : conversion from 'double' to 'float', possible loss of data
     1>c:\users\betel\desktop\tedy\vs2012\tema3\main.cpp(208): warning C4305: 'argument' : truncation from 'double' to 'float'
     1>c:\users\betel\desktop\tedy\vs2012\tema3\main.cpp(218): warning C4305: 'argument' : truncation from 'double' to 'float'
     1>c:\users\betel\desktop\tedy\vs2012\tema3\main.cpp(240): warning C4244: 'initializing' : conversion from 'DWORD' to 'float', possible loss of data
     1>c:\users\betel\desktop\tedy\vs2012\tema3\main.cpp(242): warning C4244: 'argument' : conversion from 'double' to 'float', possible loss of data
     1>c:\users\betel\desktop\tedy\vs2012\tema3\main.cpp(243): warning C4244: 'argument' : conversion from 'double' to 'float', possible loss of data
     1>c:\users\betel\desktop\tedy\vs2012\tema3\main.cpp(244): warning C4244: 'argument' : conversion from 'double' to 'float', possible loss of data
     1>c:\users\betel\desktop\tedy\vs2012\tema3\main.cpp(286): warning C4305: 'argument' : truncation from 'double' to 'float'
     1>c:\users\betel\desktop\tedy\vs2012\tema3\main.cpp(287): warning C4305: 'argument' : truncation from 'double' to 'float'
     1>c:\users\betel\desktop\tedy\vs2012\tema3\main.cpp(288): warning C4305: 'argument' : truncation from 'double' to 'float'
     1>c:\users\betel\desktop\tedy\vs2012\tema3\main.cpp(289): warning C4305: 'argument' : truncation from 'double' to 'float'
     1>c:\users\betel\desktop\tedy\vs2012\tema3\main.cpp(290): warning C4305: 'argument' : truncation from 'double' to 'float'
     1>c:\users\betel\desktop\tedy\vs2012\tema3\main.cpp(291): warning C4305: 'argument' : truncation from 'double' to 'float'
       Link:
         C:\Program Files (x86)\Microsoft Visual Studio 11.0\VC\bin\link.exe /ERRORREPORT:PROMPT /OUT:"Debug\lab_gl_3.exe" /INCREMENTAL /NOLOGO /LIBPATH:dependente\freeglut /LIBPATH:dependente\glew opengl32.lib freeglut.lib glew32.lib kernel32.lib user32.lib gdi32.lib winspool.lib comdlg32.lib advapi32.lib shell32.lib ole32.lib oleaut32.lib uuid.lib odbc32.lib odbccp32.lib /MANIFEST /MANIFESTUAC:"level='asInvoker' uiAccess='false'" /manifest:embed /DEBUG /PDB:"Debug\lab_gl_3.pdb" /TLBID:1 /DYNAMICBASE /NXCOMPAT /IMPLIB:"Debug\lab_gl_3.lib" /MACHINE:X86 Debug\main.obj
         lab_gl_3.vcxproj -> C:\Users\Betel\Desktop\Tedy\vs2012\tema3\Debug\lab_gl_3.exe
     1>Done Building Project "C:\Users\Betel\Desktop\Tedy\vs2012\tema3\lab_gl_3.vcxproj" (Build target(s)).

Build succeeded.

Time Elapsed 00:00:05.79
