C:\USERS\OWNER\DESKTOP\TEMA1\LAB2\DEBUG\DRAWINGWINDOW.OBJ
C:\USERS\OWNER\DESKTOP\TEMA1\LAB2\DEBUG\TRANSFORM2D.OBJ
C:\USERS\OWNER\DESKTOP\TEMA1\LAB2\DEBUG\VISUAL2D.OBJ
C:\USERS\OWNER\DESKTOP\TEMA1\LAB2\DEBUG\MAIN.OBJ
C:\USERS\OWNER\DESKTOP\TEMA1\LAB2\DEBUG\VC110.PDB
C:\USERS\OWNER\DESKTOP\TEMA1\DEBUG\GEOMETRYWARS.ILK
C:\USERS\OWNER\DESKTOP\TEMA1\DEBUG\GEOMETRYWARS.EXE
C:\USERS\OWNER\DESKTOP\TEMA1\DEBUG\GEOMETRYWARS.PDB
C:\Users\Owner\Desktop\tema1\lab2\Debug\DrawingWindow.obj
C:\Users\Owner\Desktop\tema1\lab2\Debug\main.obj
C:\Users\Owner\Desktop\tema1\lab2\Debug\Transform2D.obj
C:\Users\Owner\Desktop\tema1\lab2\Debug\Visual2D.obj
C:\Users\Owner\Desktop\tema1\lab2\Debug\cl.command.1.tlog
C:\Users\Owner\Desktop\tema1\lab2\Debug\CL.read.1.tlog
C:\Users\Owner\Desktop\tema1\lab2\Debug\CL.write.1.tlog
C:\Users\Owner\Desktop\tema1\lab2\Debug\link-cvtres.read.1.tlog
C:\Users\Owner\Desktop\tema1\lab2\Debug\link-cvtres.write.1.tlog
C:\Users\Owner\Desktop\tema1\lab2\Debug\link-rc.read.1.tlog
C:\Users\Owner\Desktop\tema1\lab2\Debug\link-rc.write.1.tlog
C:\Users\Owner\Desktop\tema1\lab2\Debug\link.command.1.tlog
C:\Users\Owner\Desktop\tema1\lab2\Debug\link.read.1.tlog
C:\Users\Owner\Desktop\tema1\lab2\Debug\link.write.1.tlog
C:\Users\Owner\Desktop\tema1\lab2\Debug\vc110.idb
C:\Users\Owner\Desktop\tema1\lab2\Debug\vc110.pdb
C:\Users\Owner\Desktop\tema1\Debug\GeometryWars.pdb
C:\Users\Owner\Desktop\tema1\Debug\GeometryWars.exe
C:\Users\Owner\Desktop\tema1\Debug\GeometryWars.ilk
